<?xml version="1.0" encoding="UTF-8"?>
<!-- Generated by org.testng.reporters.JUnitReportReporter -->
<testsuite skipped="0" hostname="ashish" name="com.test.TestDemo" tests="1" failures="0" timestamp="07 Jul 2018 10:12:16 GMT" time="36.557" errors="0">
  <testcase name="test" time="36.557" classname="com.test.TestDemo"/>
</testsuite> <!-- com.test.TestDemo -->
